[0104/162503.127:ERROR:process_reader_win.cc(123)] NtOpenThread: {Access Denied} A process has requested access to an object, but has not been granted those access rights.  (0xc0000022)
[0104/162503.129:ERROR:exception_snapshot_win.cc(87)] thread ID 14888 not found in process
[0104/162503.129:WARNING:crash_report_exception_handler.cc(62)] ProcessSnapshotWin::Initialize failed
[0105/202218.476:ERROR:process_reader_win.cc(151)] SuspendThread: Access is denied. (0x5)
[0105/202218.476:ERROR:process_reader_win.cc(151)] SuspendThread: Access is denied. (0x5)
[0105/202218.969:ERROR:process_reader_win.cc(151)] SuspendThread: Access is denied. (0x5)
[0105/202218.969:ERROR:process_reader_win.cc(151)] SuspendThread: Access is denied. (0x5)
[0105/202219.463:ERROR:process_reader_win.cc(151)] SuspendThread: Access is denied. (0x5)
[0105/202219.463:ERROR:process_reader_win.cc(151)] SuspendThread: Access is denied. (0x5)
[0105/202218.969:ERROR:process_reader_win.cc(151)] SuspendThread: Access is denied. (0x5)
[0105/202219.467:ERROR:process_reader_win.cc(151)] SuspendThread: Access is denied. (0x5)
[0105/202219.467:ERROR:process_reader_win.cc(151)] SuspendThread: Access is denied. (0x5)
[0105/202218.476:ERROR:process_reader_win.cc(151)] SuspendThread: Access is denied. (0x5)
[0105/202219.557:ERROR:process_reader_win.cc(151)] SuspendThread: Access is denied. (0x5)
[0105/202219.557:ERROR:process_reader_win.cc(151)] SuspendThread: Access is denied. (0x5)
[0105/202219.557:ERROR:process_reader_win.cc(151)] SuspendThread: Access is denied. (0x5)
[0105/202219.557:ERROR:process_reader_win.cc(151)] SuspendThread: Access is denied. (0x5)
[0105/202219.463:ERROR:process_reader_win.cc(123)] NtOpenThread: {Access Denied} A process has requested access to an object, but has not been granted those access rights.  (0xc0000022)
[0105/202219.559:ERROR:exception_snapshot_win.cc(87)] thread ID 13300 not found in process
[0105/202219.559:WARNING:crash_report_exception_handler.cc(62)] ProcessSnapshotWin::Initialize failed
[0105/202219.467:ERROR:process_reader_win.cc(123)] NtOpenThread: {Access Denied} A process has requested access to an object, but has not been granted those access rights.  (0xc0000022)
[0105/202219.562:ERROR:exception_snapshot_win.cc(87)] thread ID 2520 not found in process
[0105/202219.563:WARNING:crash_report_exception_handler.cc(62)] ProcessSnapshotWin::Initialize failed
[0105/202219.557:ERROR:process_reader_win.cc(123)] NtOpenThread: {Access Denied} A process has requested access to an object, but has not been granted those access rights.  (0xc0000022)
[0105/202219.563:ERROR:exception_snapshot_win.cc(87)] thread ID 8544 not found in process
[0105/202219.563:WARNING:crash_report_exception_handler.cc(62)] ProcessSnapshotWin::Initialize failed
[0106/133611.341:ERROR:process_reader_win.cc(151)] SuspendThread: Access is denied. (0x5)
[0106/133612.413:ERROR:process_reader_win.cc(151)] SuspendThread: Access is denied. (0x5)
[0106/133612.414:ERROR:process_reader_win.cc(151)] SuspendThread: Access is denied. (0x5)
[0106/133612.414:ERROR:process_reader_win.cc(151)] SuspendThread: Access is denied. (0x5)
[0106/133612.414:ERROR:process_reader_win.cc(151)] SuspendThread: Access is denied. (0x5)
[0106/133612.414:ERROR:process_reader_win.cc(123)] NtOpenThread: {Access Denied} A process has requested access to an object, but has not been granted those access rights.  (0xc0000022)
[0106/133612.421:ERROR:exception_snapshot_win.cc(87)] thread ID 11472 not found in process
[0106/133612.421:WARNING:crash_report_exception_handler.cc(62)] ProcessSnapshotWin::Initialize failed
[0106/133612.927:ERROR:process_reader_win.cc(151)] SuspendThread: Access is denied. (0x5)
[0106/133612.929:ERROR:process_reader_win.cc(151)] SuspendThread: Access is denied. (0x5)
[0106/133612.929:ERROR:process_reader_win.cc(151)] SuspendThread: Access is denied. (0x5)
[0106/133612.929:ERROR:process_reader_win.cc(151)] SuspendThread: Access is denied. (0x5)
[0106/133612.929:ERROR:process_reader_win.cc(151)] SuspendThread: Access is denied. (0x5)
[0106/133612.930:ERROR:process_reader_win.cc(123)] NtOpenThread: {Access Denied} A process has requested access to an object, but has not been granted those access rights.  (0xc0000022)
[0106/133612.931:ERROR:exception_snapshot_win.cc(87)] thread ID 9756 not found in process
[0106/133612.932:WARNING:crash_report_exception_handler.cc(62)] ProcessSnapshotWin::Initialize failed
[0106/133613.303:ERROR:process_reader_win.cc(151)] SuspendThread: Access is denied. (0x5)
[0106/133613.304:ERROR:process_reader_win.cc(151)] SuspendThread: Access is denied. (0x5)
[0106/133613.304:ERROR:process_reader_win.cc(151)] SuspendThread: Access is denied. (0x5)
[0106/133613.304:ERROR:process_reader_win.cc(151)] SuspendThread: Access is denied. (0x5)
[0106/133613.304:ERROR:process_reader_win.cc(151)] SuspendThread: Access is denied. (0x5)
[0106/133613.305:ERROR:process_reader_win.cc(123)] NtOpenThread: {Access Denied} A process has requested access to an object, but has not been granted those access rights.  (0xc0000022)
[0106/133613.305:ERROR:exception_snapshot_win.cc(87)] thread ID 14992 not found in process
[0106/133613.305:WARNING:crash_report_exception_handler.cc(62)] ProcessSnapshotWin::Initialize failed
[0106/133613.807:ERROR:process_reader_win.cc(151)] SuspendThread: Access is denied. (0x5)
[0106/133613.809:ERROR:process_reader_win.cc(151)] SuspendThread: Access is denied. (0x5)
[0106/133613.809:ERROR:process_reader_win.cc(151)] SuspendThread: Access is denied. (0x5)
[0106/133613.809:ERROR:process_reader_win.cc(151)] SuspendThread: Access is denied. (0x5)
[0106/133613.809:ERROR:process_reader_win.cc(151)] SuspendThread: Access is denied. (0x5)
[0106/133613.809:ERROR:process_reader_win.cc(123)] NtOpenThread: {Access Denied} A process has requested access to an object, but has not been granted those access rights.  (0xc0000022)
[0106/133613.809:ERROR:exception_snapshot_win.cc(87)] thread ID 10524 not found in process
[0106/133613.809:WARNING:crash_report_exception_handler.cc(62)] ProcessSnapshotWin::Initialize failed
[0106/133614.232:ERROR:process_reader_win.cc(151)] SuspendThread: Access is denied. (0x5)
[0106/133614.236:ERROR:process_reader_win.cc(151)] SuspendThread: Access is denied. (0x5)
[0106/133614.236:ERROR:process_reader_win.cc(151)] SuspendThread: Access is denied. (0x5)
[0106/133614.236:ERROR:process_reader_win.cc(151)] SuspendThread: Access is denied. (0x5)
[0106/133614.236:ERROR:process_reader_win.cc(123)] NtOpenThread: {Access Denied} A process has requested access to an object, but has not been granted those access rights.  (0xc0000022)
[0106/133614.237:ERROR:exception_snapshot_win.cc(87)] thread ID 1752 not found in process
[0106/133614.237:WARNING:crash_report_exception_handler.cc(62)] ProcessSnapshotWin::Initialize failed
[0106/134422.798:ERROR:process_reader_win.cc(151)] SuspendThread: Access is denied. (0x5)
[0106/134422.803:ERROR:process_reader_win.cc(151)] SuspendThread: Access is denied. (0x5)
[0106/134422.803:ERROR:process_reader_win.cc(151)] SuspendThread: Access is denied. (0x5)
[0106/134422.803:ERROR:process_reader_win.cc(151)] SuspendThread: Access is denied. (0x5)
[0106/134422.803:ERROR:process_reader_win.cc(151)] SuspendThread: Access is denied. (0x5)
[0106/134422.803:ERROR:process_reader_win.cc(123)] NtOpenThread: {Access Denied} A process has requested access to an object, but has not been granted those access rights.  (0xc0000022)
[0106/134422.804:ERROR:exception_snapshot_win.cc(87)] thread ID 14000 not found in process
[0106/134422.804:WARNING:crash_report_exception_handler.cc(62)] ProcessSnapshotWin::Initialize failed
[0106/134423.269:ERROR:process_reader_win.cc(151)] SuspendThread: Access is denied. (0x5)
[0106/134423.272:ERROR:process_reader_win.cc(151)] SuspendThread: Access is denied. (0x5)
[0106/134423.272:ERROR:process_reader_win.cc(151)] SuspendThread: Access is denied. (0x5)
[0106/134423.272:ERROR:process_reader_win.cc(151)] SuspendThread: Access is denied. (0x5)
[0106/134423.272:ERROR:process_reader_win.cc(123)] NtOpenThread: {Access Denied} A process has requested access to an object, but has not been granted those access rights.  (0xc0000022)
[0106/134423.273:ERROR:exception_snapshot_win.cc(87)] thread ID 12092 not found in process
[0106/134423.273:WARNING:crash_report_exception_handler.cc(62)] ProcessSnapshotWin::Initialize failed
[0106/134423.633:ERROR:process_reader_win.cc(151)] SuspendThread: Access is denied. (0x5)
[0106/134423.951:ERROR:process_reader_win.cc(151)] SuspendThread: Access is denied. (0x5)
[0106/134423.951:ERROR:process_reader_win.cc(151)] SuspendThread: Access is denied. (0x5)
[0106/134423.951:ERROR:process_reader_win.cc(151)] SuspendThread: Access is denied. (0x5)
[0106/134423.951:ERROR:process_reader_win.cc(151)] SuspendThread: Access is denied. (0x5)
[0106/134423.951:ERROR:process_reader_win.cc(151)] SuspendThread: Access is denied. (0x5)
[0106/134423.951:ERROR:process_reader_win.cc(123)] NtOpenThread: {Access Denied} A process has requested access to an object, but has not been granted those access rights.  (0xc0000022)
[0106/134423.952:ERROR:exception_snapshot_win.cc(87)] thread ID 9996 not found in process
[0106/134423.952:WARNING:crash_report_exception_handler.cc(62)] ProcessSnapshotWin::Initialize failed
[0106/134425.071:ERROR:process_reader_win.cc(151)] SuspendThread: Access is denied. (0x5)
[0106/134425.074:ERROR:process_reader_win.cc(151)] SuspendThread: Access is denied. (0x5)
[0106/134425.074:ERROR:process_reader_win.cc(151)] SuspendThread: Access is denied. (0x5)
[0106/134425.074:ERROR:process_reader_win.cc(151)] SuspendThread: Access is denied. (0x5)
[0106/134425.074:ERROR:process_reader_win.cc(151)] SuspendThread: Access is denied. (0x5)
[0106/134425.074:ERROR:process_reader_win.cc(123)] NtOpenThread: {Access Denied} A process has requested access to an object, but has not been granted those access rights.  (0xc0000022)
[0106/134425.074:ERROR:exception_snapshot_win.cc(87)] thread ID 3832 not found in process
[0106/134425.074:WARNING:crash_report_exception_handler.cc(62)] ProcessSnapshotWin::Initialize failed
[0106/134425.488:ERROR:process_reader_win.cc(151)] SuspendThread: Access is denied. (0x5)
[0106/134425.492:ERROR:process_reader_win.cc(151)] SuspendThread: Access is denied. (0x5)
[0106/134425.492:ERROR:process_reader_win.cc(151)] SuspendThread: Access is denied. (0x5)
[0106/134425.492:ERROR:process_reader_win.cc(151)] SuspendThread: Access is denied. (0x5)
[0106/134425.492:ERROR:process_reader_win.cc(151)] SuspendThread: Access is denied. (0x5)
[0106/134425.492:ERROR:process_reader_win.cc(123)] NtOpenThread: {Access Denied} A process has requested access to an object, but has not been granted those access rights.  (0xc0000022)
[0106/134425.492:ERROR:exception_snapshot_win.cc(87)] thread ID 14532 not found in process
[0106/134425.492:WARNING:crash_report_exception_handler.cc(62)] ProcessSnapshotWin::Initialize failed
[0106/134426.021:ERROR:process_reader_win.cc(151)] SuspendThread: Access is denied. (0x5)
[0106/134426.024:ERROR:process_reader_win.cc(151)] SuspendThread: Access is denied. (0x5)
[0106/134426.024:ERROR:process_reader_win.cc(151)] SuspendThread: Access is denied. (0x5)
[0106/134426.024:ERROR:process_reader_win.cc(151)] SuspendThread: Access is denied. (0x5)
[0106/134426.024:ERROR:process_reader_win.cc(151)] SuspendThread: Access is denied. (0x5)
[0106/134426.024:ERROR:process_reader_win.cc(123)] NtOpenThread: {Access Denied} A process has requested access to an object, but has not been granted those access rights.  (0xc0000022)
[0106/134426.024:ERROR:exception_snapshot_win.cc(87)] thread ID 3568 not found in process
[0106/134426.024:WARNING:crash_report_exception_handler.cc(62)] ProcessSnapshotWin::Initialize failed
[0108/191111.197:ERROR:process_reader_win.cc(151)] SuspendThread: Access is denied. (0x5)
[0108/191111.305:ERROR:process_reader_win.cc(151)] SuspendThread: Access is denied. (0x5)
[0108/191111.305:ERROR:process_reader_win.cc(151)] SuspendThread: Access is denied. (0x5)
[0108/191111.305:ERROR:process_reader_win.cc(151)] SuspendThread: Access is denied. (0x5)
[0108/191111.305:ERROR:process_reader_win.cc(151)] SuspendThread: Access is denied. (0x5)
[0108/191111.305:ERROR:process_reader_win.cc(151)] SuspendThread: Access is denied. (0x5)
[0108/191111.306:ERROR:process_reader_win.cc(123)] NtOpenThread: {Access Denied} A process has requested access to an object, but has not been granted those access rights.  (0xc0000022)
[0108/191111.307:ERROR:exception_snapshot_win.cc(87)] thread ID 14568 not found in process
[0108/191111.307:WARNING:crash_report_exception_handler.cc(62)] ProcessSnapshotWin::Initialize failed
[0108/191111.890:ERROR:process_reader_win.cc(151)] SuspendThread: Access is denied. (0x5)
[0108/191113.529:ERROR:process_reader_win.cc(151)] SuspendThread: Access is denied. (0x5)
[0108/191113.529:ERROR:process_reader_win.cc(151)] SuspendThread: Access is denied. (0x5)
[0108/191113.529:ERROR:process_reader_win.cc(151)] SuspendThread: Access is denied. (0x5)
[0108/191113.529:ERROR:process_reader_win.cc(151)] SuspendThread: Access is denied. (0x5)
[0108/191113.529:ERROR:process_reader_win.cc(123)] NtOpenThread: {Access Denied} A process has requested access to an object, but has not been granted those access rights.  (0xc0000022)
[0108/191113.530:ERROR:exception_snapshot_win.cc(87)] thread ID 16164 not found in process
[0108/191113.530:WARNING:crash_report_exception_handler.cc(62)] ProcessSnapshotWin::Initialize failed
[0108/191115.503:ERROR:process_reader_win.cc(151)] SuspendThread: Access is denied. (0x5)
[0108/191115.505:ERROR:process_reader_win.cc(151)] SuspendThread: Access is denied. (0x5)
[0108/191115.505:ERROR:process_reader_win.cc(151)] SuspendThread: Access is denied. (0x5)
[0108/191115.505:ERROR:process_reader_win.cc(151)] SuspendThread: Access is denied. (0x5)
[0108/191115.505:ERROR:process_reader_win.cc(123)] NtOpenThread: {Access Denied} A process has requested access to an object, but has not been granted those access rights.  (0xc0000022)
[0108/191115.506:ERROR:exception_snapshot_win.cc(87)] thread ID 15164 not found in process
[0108/191115.506:WARNING:crash_report_exception_handler.cc(62)] ProcessSnapshotWin::Initialize failed
[0108/191115.979:ERROR:process_reader_win.cc(151)] SuspendThread: Access is denied. (0x5)
[0108/191115.981:ERROR:process_reader_win.cc(151)] SuspendThread: Access is denied. (0x5)
[0108/191115.981:ERROR:process_reader_win.cc(151)] SuspendThread: Access is denied. (0x5)
[0108/191115.981:ERROR:process_reader_win.cc(151)] SuspendThread: Access is denied. (0x5)
[0108/191115.981:ERROR:process_reader_win.cc(151)] SuspendThread: Access is denied. (0x5)
[0108/191115.981:ERROR:process_reader_win.cc(123)] NtOpenThread: {Access Denied} A process has requested access to an object, but has not been granted those access rights.  (0xc0000022)
[0108/191115.982:ERROR:exception_snapshot_win.cc(87)] thread ID 10072 not found in process
[0108/191115.982:WARNING:crash_report_exception_handler.cc(62)] ProcessSnapshotWin::Initialize failed
[0108/191116.581:ERROR:process_reader_win.cc(151)] SuspendThread: Access is denied. (0x5)
[0108/191116.583:ERROR:process_reader_win.cc(151)] SuspendThread: Access is denied. (0x5)
[0108/191116.583:ERROR:process_reader_win.cc(151)] SuspendThread: Access is denied. (0x5)
[0108/191116.583:ERROR:process_reader_win.cc(151)] SuspendThread: Access is denied. (0x5)
[0108/191116.583:ERROR:process_reader_win.cc(151)] SuspendThread: Access is denied. (0x5)
[0108/191116.583:ERROR:process_reader_win.cc(123)] NtOpenThread: {Access Denied} A process has requested access to an object, but has not been granted those access rights.  (0xc0000022)
[0108/191116.584:ERROR:exception_snapshot_win.cc(87)] thread ID 14436 not found in process
[0108/191116.584:WARNING:crash_report_exception_handler.cc(62)] ProcessSnapshotWin::Initialize failed
[0108/191117.327:ERROR:process_reader_win.cc(151)] SuspendThread: Access is denied. (0x5)
[0108/191117.381:ERROR:process_reader_win.cc(151)] SuspendThread: Access is denied. (0x5)
[0108/191117.381:ERROR:process_reader_win.cc(151)] SuspendThread: Access is denied. (0x5)
[0108/191117.381:ERROR:process_reader_win.cc(151)] SuspendThread: Access is denied. (0x5)
[0108/191117.381:ERROR:process_reader_win.cc(151)] SuspendThread: Access is denied. (0x5)
[0108/191117.381:ERROR:process_reader_win.cc(151)] SuspendThread: Access is denied. (0x5)
[0108/191117.381:ERROR:process_reader_win.cc(123)] NtOpenThread: {Access Denied} A process has requested access to an object, but has not been granted those access rights.  (0xc0000022)
[0108/191117.381:ERROR:exception_snapshot_win.cc(87)] thread ID 3284 not found in process
[0108/191117.381:WARNING:crash_report_exception_handler.cc(62)] ProcessSnapshotWin::Initialize failed
[0108/222432.773:ERROR:process_reader_win.cc(151)] SuspendThread: Access is denied. (0x5)
[0108/222432.775:ERROR:process_reader_win.cc(151)] SuspendThread: Access is denied. (0x5)
[0108/222432.775:ERROR:process_reader_win.cc(151)] SuspendThread: Access is denied. (0x5)
[0108/222432.775:ERROR:process_reader_win.cc(151)] SuspendThread: Access is denied. (0x5)
[0108/222432.775:ERROR:process_reader_win.cc(151)] SuspendThread: Access is denied. (0x5)
[0108/222432.775:ERROR:process_reader_win.cc(151)] SuspendThread: Access is denied. (0x5)
[0108/222432.775:ERROR:process_reader_win.cc(151)] SuspendThread: Access is denied. (0x5)
[0108/222432.776:ERROR:process_reader_win.cc(123)] NtOpenThread: {Access Denied} A process has requested access to an object, but has not been granted those access rights.  (0xc0000022)
[0108/222432.777:ERROR:exception_snapshot_win.cc(87)] thread ID 8288 not found in process
[0108/222432.777:WARNING:crash_report_exception_handler.cc(62)] ProcessSnapshotWin::Initialize failed
[0108/231435.465:ERROR:process_reader_win.cc(151)] SuspendThread: Access is denied. (0x5)
[0108/231435.476:ERROR:process_reader_win.cc(151)] SuspendThread: Access is denied. (0x5)
[0108/231435.476:ERROR:process_reader_win.cc(151)] SuspendThread: Access is denied. (0x5)
[0108/231435.476:ERROR:process_reader_win.cc(151)] SuspendThread: Access is denied. (0x5)
[0108/231435.476:ERROR:process_reader_win.cc(151)] SuspendThread: Access is denied. (0x5)
[0108/231435.476:ERROR:process_reader_win.cc(151)] SuspendThread: Access is denied. (0x5)
[0108/231435.476:ERROR:process_reader_win.cc(151)] SuspendThread: Access is denied. (0x5)
[0108/231435.476:ERROR:process_reader_win.cc(123)] NtOpenThread: {Access Denied} A process has requested access to an object, but has not been granted those access rights.  (0xc0000022)
[0108/231435.478:ERROR:exception_snapshot_win.cc(87)] thread ID 10732 not found in process
[0108/231435.478:WARNING:crash_report_exception_handler.cc(62)] ProcessSnapshotWin::Initialize failed
[0109/103159.735:ERROR:process_reader_win.cc(151)] SuspendThread: Access is denied. (0x5)
[0109/103159.737:ERROR:process_reader_win.cc(151)] SuspendThread: Access is denied. (0x5)
[0109/103159.737:ERROR:process_reader_win.cc(151)] SuspendThread: Access is denied. (0x5)
[0109/103159.738:ERROR:process_reader_win.cc(151)] SuspendThread: Access is denied. (0x5)
[0109/103159.738:ERROR:process_reader_win.cc(151)] SuspendThread: Access is denied. (0x5)
[0109/103159.738:ERROR:process_reader_win.cc(151)] SuspendThread: Access is denied. (0x5)
[0109/103159.738:ERROR:process_reader_win.cc(123)] NtOpenThread: {Access Denied} A process has requested access to an object, but has not been granted those access rights.  (0xc0000022)
[0109/103159.740:ERROR:exception_snapshot_win.cc(87)] thread ID 4868 not found in process
[0109/103159.740:WARNING:crash_report_exception_handler.cc(62)] ProcessSnapshotWin::Initialize failed
[0109/103159.744:ERROR:process_reader_win.cc(151)] SuspendThread: Access is denied. (0x5)
[0109/103159.746:ERROR:process_reader_win.cc(151)] SuspendThread: Access is denied. (0x5)
[0109/103159.746:ERROR:process_reader_win.cc(151)] SuspendThread: Access is denied. (0x5)
[0109/103159.746:ERROR:process_reader_win.cc(151)] SuspendThread: Access is denied. (0x5)
[0109/103159.746:ERROR:process_reader_win.cc(151)] SuspendThread: Access is denied. (0x5)
[0109/103159.746:ERROR:process_reader_win.cc(123)] NtOpenThread: {Access Denied} A process has requested access to an object, but has not been granted those access rights.  (0xc0000022)
[0109/103159.747:ERROR:exception_snapshot_win.cc(87)] thread ID 9020 not found in process
[0109/103159.747:WARNING:crash_report_exception_handler.cc(62)] ProcessSnapshotWin::Initialize failed
[0109/104935.113:ERROR:process_reader_win.cc(151)] SuspendThread: Access is denied. (0x5)
[0109/104935.115:ERROR:process_reader_win.cc(151)] SuspendThread: Access is denied. (0x5)
[0109/104935.115:ERROR:process_reader_win.cc(151)] SuspendThread: Access is denied. (0x5)
[0109/104935.115:ERROR:process_reader_win.cc(123)] NtOpenThread: {Access Denied} A process has requested access to an object, but has not been granted those access rights.  (0xc0000022)
[0109/104935.117:ERROR:exception_snapshot_win.cc(87)] thread ID 1760 not found in process
[0109/104935.117:WARNING:crash_report_exception_handler.cc(62)] ProcessSnapshotWin::Initialize failed
[0109/104935.591:ERROR:process_reader_win.cc(151)] SuspendThread: Access is denied. (0x5)
[0109/104935.592:ERROR:process_reader_win.cc(151)] SuspendThread: Access is denied. (0x5)
[0109/104935.592:ERROR:process_reader_win.cc(151)] SuspendThread: Access is denied. (0x5)
[0109/104935.592:ERROR:process_reader_win.cc(151)] SuspendThread: Access is denied. (0x5)
[0109/104935.592:ERROR:process_reader_win.cc(151)] SuspendThread: Access is denied. (0x5)
[0109/104935.592:ERROR:process_reader_win.cc(151)] SuspendThread: Access is denied. (0x5)
[0109/104935.592:ERROR:process_reader_win.cc(123)] NtOpenThread: {Access Denied} A process has requested access to an object, but has not been granted those access rights.  (0xc0000022)
[0109/104935.593:ERROR:exception_snapshot_win.cc(87)] thread ID 17152 not found in process
[0109/104935.593:WARNING:crash_report_exception_handler.cc(62)] ProcessSnapshotWin::Initialize failed
[0109/104936.164:ERROR:process_reader_win.cc(151)] SuspendThread: Access is denied. (0x5)
[0109/104936.165:ERROR:process_reader_win.cc(151)] SuspendThread: Access is denied. (0x5)
[0109/104936.165:ERROR:process_reader_win.cc(151)] SuspendThread: Access is denied. (0x5)
[0109/104936.165:ERROR:process_reader_win.cc(151)] SuspendThread: Access is denied. (0x5)
[0109/104936.165:ERROR:process_reader_win.cc(151)] SuspendThread: Access is denied. (0x5)
[0109/104936.165:ERROR:process_reader_win.cc(151)] SuspendThread: Access is denied. (0x5)
[0109/104936.165:ERROR:process_reader_win.cc(123)] NtOpenThread: {Access Denied} A process has requested access to an object, but has not been granted those access rights.  (0xc0000022)
[0109/104936.166:ERROR:exception_snapshot_win.cc(87)] thread ID 18864 not found in process
[0109/104936.166:WARNING:crash_report_exception_handler.cc(62)] ProcessSnapshotWin::Initialize failed
[0109/104936.525:ERROR:process_reader_win.cc(123)] NtOpenThread: {Access Denied} A process has requested access to an object, but has not been granted those access rights.  (0xc0000022)
[0109/104936.527:ERROR:exception_snapshot_win.cc(87)] thread ID 10744 not found in process
[0109/104936.527:WARNING:crash_report_exception_handler.cc(62)] ProcessSnapshotWin::Initialize failed
[0216/174723.295:ERROR:process_reader_win.cc(123)] NtOpenThread: {Access Denied} A process has requested access to an object, but has not been granted those access rights. (0xc0000022)
[0216/174723.301:ERROR:exception_snapshot_win.cc(88)] thread ID 11084 not found in process
[0216/174723.301:WARNING:crash_report_exception_handler.cc(62)] ProcessSnapshotWin::Initialize failed
[0323/101748.320:ERROR:process_reader_win.cc(151)] SuspendThread: Access is denied. (0x5)
[0323/101748.325:ERROR:process_reader_win.cc(151)] SuspendThread: Access is denied. (0x5)
[0323/101748.325:ERROR:process_reader_win.cc(151)] SuspendThread: Access is denied. (0x5)
[0323/101748.325:ERROR:process_reader_win.cc(151)] SuspendThread: Access is denied. (0x5)
[0323/101748.325:ERROR:process_reader_win.cc(123)] NtOpenThread: {Access Denied} A process has requested access to an object, but has not been granted those access rights. (0xc0000022)
[0323/101748.326:ERROR:exception_snapshot_win.cc(88)] thread ID 10616 not found in process
[0323/101748.326:WARNING:crash_report_exception_handler.cc(62)] ProcessSnapshotWin::Initialize failed
[0323/101749.217:ERROR:process_reader_win.cc(151)] SuspendThread: Access is denied. (0x5)
[0323/101749.220:ERROR:process_reader_win.cc(151)] SuspendThread: Access is denied. (0x5)
[0323/101749.221:ERROR:process_reader_win.cc(151)] SuspendThread: Access is denied. (0x5)
[0323/101749.221:ERROR:process_reader_win.cc(151)] SuspendThread: Access is denied. (0x5)
[0323/101749.221:ERROR:process_reader_win.cc(151)] SuspendThread: Access is denied. (0x5)
[0323/101749.221:ERROR:process_reader_win.cc(151)] SuspendThread: Access is denied. (0x5)
[0323/101749.221:ERROR:process_reader_win.cc(123)] NtOpenThread: {Access Denied} A process has requested access to an object, but has not been granted those access rights. (0xc0000022)
[0323/101749.221:ERROR:exception_snapshot_win.cc(88)] thread ID 19272 not found in process
[0323/101749.221:WARNING:crash_report_exception_handler.cc(62)] ProcessSnapshotWin::Initialize failed
[0323/101749.951:ERROR:process_reader_win.cc(151)] SuspendThread: Access is denied. (0x5)
[0323/101749.953:ERROR:process_reader_win.cc(151)] SuspendThread: Access is denied. (0x5)
[0323/101749.953:ERROR:process_reader_win.cc(151)] SuspendThread: Access is denied. (0x5)
[0323/101749.953:ERROR:process_reader_win.cc(151)] SuspendThread: Access is denied. (0x5)
[0323/101749.953:ERROR:process_reader_win.cc(123)] NtOpenThread: {Access Denied} A process has requested access to an object, but has not been granted those access rights. (0xc0000022)
[0323/101749.953:ERROR:exception_snapshot_win.cc(88)] thread ID 17452 not found in process
[0323/101749.954:WARNING:crash_report_exception_handler.cc(62)] ProcessSnapshotWin::Initialize failed
[0323/101750.561:ERROR:process_reader_win.cc(151)] SuspendThread: Access is denied. (0x5)
[0323/101750.563:ERROR:process_reader_win.cc(151)] SuspendThread: Access is denied. (0x5)
[0323/101750.563:ERROR:process_reader_win.cc(151)] SuspendThread: Access is denied. (0x5)
[0323/101750.563:ERROR:process_reader_win.cc(151)] SuspendThread: Access is denied. (0x5)
[0323/101750.563:ERROR:process_reader_win.cc(151)] SuspendThread: Access is denied. (0x5)
[0323/101750.563:ERROR:process_reader_win.cc(123)] NtOpenThread: {Access Denied} A process has requested access to an object, but has not been granted those access rights. (0xc0000022)
[0323/101750.563:ERROR:exception_snapshot_win.cc(88)] thread ID 18004 not found in process
[0323/101750.563:WARNING:crash_report_exception_handler.cc(62)] ProcessSnapshotWin::Initialize failed
[0323/101751.052:ERROR:process_reader_win.cc(151)] SuspendThread: Access is denied. (0x5)
[0323/101751.061:ERROR:process_reader_win.cc(151)] SuspendThread: Access is denied. (0x5)
[0323/101751.061:ERROR:process_reader_win.cc(151)] SuspendThread: Access is denied. (0x5)
[0323/101751.061:ERROR:process_reader_win.cc(151)] SuspendThread: Access is denied. (0x5)
[0323/101751.061:ERROR:process_reader_win.cc(151)] SuspendThread: Access is denied. (0x5)
[0323/101751.061:ERROR:process_reader_win.cc(151)] SuspendThread: Access is denied. (0x5)
[0323/101751.061:ERROR:process_reader_win.cc(123)] NtOpenThread: {Access Denied} A process has requested access to an object, but has not been granted those access rights. (0xc0000022)
[0323/101751.062:ERROR:exception_snapshot_win.cc(88)] thread ID 8072 not found in process
[0323/101751.062:WARNING:crash_report_exception_handler.cc(62)] ProcessSnapshotWin::Initialize failed
[0324/124030.718:ERROR:process_reader_win.cc(151)] SuspendThread: Access is denied. (0x5)
[0324/124030.723:ERROR:process_reader_win.cc(151)] SuspendThread: Access is denied. (0x5)
[0324/124030.723:ERROR:process_reader_win.cc(151)] SuspendThread: Access is denied. (0x5)
[0324/124030.723:ERROR:process_reader_win.cc(151)] SuspendThread: Access is denied. (0x5)
[0324/124030.723:ERROR:process_reader_win.cc(123)] NtOpenThread: {Access Denied} A process has requested access to an object, but has not been granted those access rights. (0xc0000022)
[0324/124030.729:ERROR:exception_snapshot_win.cc(88)] thread ID 12392 not found in process
[0324/124030.729:WARNING:crash_report_exception_handler.cc(62)] ProcessSnapshotWin::Initialize failed
[0324/124031.400:ERROR:process_reader_win.cc(151)] SuspendThread: Access is denied. (0x5)
[0324/124031.402:ERROR:process_reader_win.cc(151)] SuspendThread: Access is denied. (0x5)
[0324/124031.402:ERROR:process_reader_win.cc(151)] SuspendThread: Access is denied. (0x5)
[0324/124031.402:ERROR:process_reader_win.cc(151)] SuspendThread: Access is denied. (0x5)
[0324/124031.402:ERROR:process_reader_win.cc(151)] SuspendThread: Access is denied. (0x5)
[0324/124031.402:ERROR:process_reader_win.cc(123)] NtOpenThread: {Access Denied} A process has requested access to an object, but has not been granted those access rights. (0xc0000022)
[0324/124031.402:ERROR:exception_snapshot_win.cc(88)] thread ID 12564 not found in process
[0324/124031.402:WARNING:crash_report_exception_handler.cc(62)] ProcessSnapshotWin::Initialize failed
[0324/124031.999:ERROR:process_reader_win.cc(151)] SuspendThread: Access is denied. (0x5)
[0324/124032.002:ERROR:process_reader_win.cc(151)] SuspendThread: Access is denied. (0x5)
[0324/124032.002:ERROR:process_reader_win.cc(151)] SuspendThread: Access is denied. (0x5)
[0324/124032.002:ERROR:process_reader_win.cc(151)] SuspendThread: Access is denied. (0x5)
[0324/124032.002:ERROR:process_reader_win.cc(151)] SuspendThread: Access is denied. (0x5)
[0324/124032.002:ERROR:process_reader_win.cc(123)] NtOpenThread: {Access Denied} A process has requested access to an object, but has not been granted those access rights. (0xc0000022)
[0324/124032.003:ERROR:exception_snapshot_win.cc(88)] thread ID 7836 not found in process
[0324/124032.003:WARNING:crash_report_exception_handler.cc(62)] ProcessSnapshotWin::Initialize failed
[0324/124032.522:ERROR:process_reader_win.cc(151)] SuspendThread: Access is denied. (0x5)
[0324/124032.524:ERROR:process_reader_win.cc(151)] SuspendThread: Access is denied. (0x5)
[0324/124032.524:ERROR:process_reader_win.cc(151)] SuspendThread: Access is denied. (0x5)
[0324/124032.524:ERROR:process_reader_win.cc(151)] SuspendThread: Access is denied. (0x5)
[0324/124032.524:ERROR:process_reader_win.cc(151)] SuspendThread: Access is denied. (0x5)
[0324/124032.524:ERROR:process_reader_win.cc(151)] SuspendThread: Access is denied. (0x5)
[0324/124032.524:ERROR:process_reader_win.cc(123)] NtOpenThread: {Access Denied} A process has requested access to an object, but has not been granted those access rights. (0xc0000022)
[0324/124032.526:ERROR:exception_snapshot_win.cc(88)] thread ID 13064 not found in process
[0324/124032.526:WARNING:crash_report_exception_handler.cc(62)] ProcessSnapshotWin::Initialize failed
[0324/124033.167:ERROR:process_reader_win.cc(151)] SuspendThread: Access is denied. (0x5)
[0324/124033.169:ERROR:process_reader_win.cc(151)] SuspendThread: Access is denied. (0x5)
[0324/124033.169:ERROR:process_reader_win.cc(151)] SuspendThread: Access is denied. (0x5)
[0324/124033.169:ERROR:process_reader_win.cc(151)] SuspendThread: Access is denied. (0x5)
[0324/124033.169:ERROR:process_reader_win.cc(151)] SuspendThread: Access is denied. (0x5)
[0324/124033.169:ERROR:process_reader_win.cc(151)] SuspendThread: Access is denied. (0x5)
[0324/124033.169:ERROR:process_reader_win.cc(123)] NtOpenThread: {Access Denied} A process has requested access to an object, but has not been granted those access rights. (0xc0000022)
[0324/124033.170:ERROR:exception_snapshot_win.cc(88)] thread ID 12540 not found in process
[0324/124033.170:WARNING:crash_report_exception_handler.cc(62)] ProcessSnapshotWin::Initialize failed
[0324/191729.627:ERROR:process_reader_win.cc(123)] NtOpenThread: {Access Denied} A process has requested access to an object, but has not been granted those access rights. (0xc0000022)
[0324/191729.629:ERROR:exception_snapshot_win.cc(88)] thread ID 14312 not found in process
[0324/191729.629:WARNING:crash_report_exception_handler.cc(62)] ProcessSnapshotWin::Initialize failed
[0325/100756.263:ERROR:process_reader_win.cc(151)] SuspendThread: Access is denied. (0x5)
[0325/100756.269:ERROR:process_reader_win.cc(151)] SuspendThread: Access is denied. (0x5)
[0325/100756.269:ERROR:process_reader_win.cc(151)] SuspendThread: Access is denied. (0x5)
[0325/100756.269:ERROR:process_reader_win.cc(151)] SuspendThread: Access is denied. (0x5)
[0325/100756.269:ERROR:process_reader_win.cc(151)] SuspendThread: Access is denied. (0x5)
[0325/100756.269:ERROR:process_reader_win.cc(123)] NtOpenThread: {Access Denied} A process has requested access to an object, but has not been granted those access rights. (0xc0000022)
[0325/100756.271:ERROR:exception_snapshot_win.cc(88)] thread ID 15432 not found in process
[0325/100756.271:WARNING:crash_report_exception_handler.cc(62)] ProcessSnapshotWin::Initialize failed
[0325/100757.818:ERROR:process_reader_win.cc(151)] SuspendThread: Access is denied. (0x5)
[0325/100757.821:ERROR:process_reader_win.cc(151)] SuspendThread: Access is denied. (0x5)
[0325/100757.821:ERROR:process_reader_win.cc(151)] SuspendThread: Access is denied. (0x5)
[0325/100757.821:ERROR:process_reader_win.cc(151)] SuspendThread: Access is denied. (0x5)
[0325/100757.821:ERROR:process_reader_win.cc(151)] SuspendThread: Access is denied. (0x5)
[0325/100757.821:ERROR:process_reader_win.cc(123)] NtOpenThread: {Access Denied} A process has requested access to an object, but has not been granted those access rights. (0xc0000022)
[0325/100757.821:ERROR:exception_snapshot_win.cc(88)] thread ID 17784 not found in process
[0325/100757.821:WARNING:crash_report_exception_handler.cc(62)] ProcessSnapshotWin::Initialize failed
[0325/100758.565:ERROR:process_reader_win.cc(151)] SuspendThread: Access is denied. (0x5)
[0325/100758.567:ERROR:process_reader_win.cc(151)] SuspendThread: Access is denied. (0x5)
[0325/100758.568:ERROR:process_reader_win.cc(151)] SuspendThread: Access is denied. (0x5)
[0325/100758.568:ERROR:process_reader_win.cc(151)] SuspendThread: Access is denied. (0x5)
[0325/100758.568:ERROR:process_reader_win.cc(151)] SuspendThread: Access is denied. (0x5)
[0325/100758.568:ERROR:process_reader_win.cc(123)] NtOpenThread: {Access Denied} A process has requested access to an object, but has not been granted those access rights. (0xc0000022)
[0325/100758.569:ERROR:exception_snapshot_win.cc(88)] thread ID 14400 not found in process
[0325/100758.569:WARNING:crash_report_exception_handler.cc(62)] ProcessSnapshotWin::Initialize failed
[0325/100759.266:ERROR:process_reader_win.cc(151)] SuspendThread: Access is denied. (0x5)
[0325/100759.272:ERROR:process_reader_win.cc(151)] SuspendThread: Access is denied. (0x5)
[0325/100759.272:ERROR:process_reader_win.cc(151)] SuspendThread: Access is denied. (0x5)
[0325/100759.272:ERROR:process_reader_win.cc(151)] SuspendThread: Access is denied. (0x5)
[0325/100759.272:ERROR:process_reader_win.cc(151)] SuspendThread: Access is denied. (0x5)
[0325/100759.272:ERROR:process_reader_win.cc(123)] NtOpenThread: {Access Denied} A process has requested access to an object, but has not been granted those access rights. (0xc0000022)
[0325/100759.273:ERROR:exception_snapshot_win.cc(88)] thread ID 19164 not found in process
[0325/100759.273:WARNING:crash_report_exception_handler.cc(62)] ProcessSnapshotWin::Initialize failed
[0325/100759.978:ERROR:process_reader_win.cc(151)] SuspendThread: Access is denied. (0x5)
[0325/100759.989:ERROR:process_reader_win.cc(151)] SuspendThread: Access is denied. (0x5)
[0325/100759.989:ERROR:process_reader_win.cc(151)] SuspendThread: Access is denied. (0x5)
[0325/100759.989:ERROR:process_reader_win.cc(151)] SuspendThread: Access is denied. (0x5)
[0325/100759.989:ERROR:process_reader_win.cc(151)] SuspendThread: Access is denied. (0x5)
[0325/100759.989:ERROR:process_reader_win.cc(123)] NtOpenThread: {Access Denied} A process has requested access to an object, but has not been granted those access rights. (0xc0000022)
[0325/100759.996:ERROR:exception_snapshot_win.cc(88)] thread ID 8344 not found in process
[0325/100759.996:WARNING:crash_report_exception_handler.cc(62)] ProcessSnapshotWin::Initialize failed
[0325/100800.737:ERROR:process_reader_win.cc(151)] SuspendThread: Access is denied. (0x5)
[0325/100800.738:ERROR:process_reader_win.cc(151)] SuspendThread: Access is denied. (0x5)
[0325/100800.738:ERROR:process_reader_win.cc(151)] SuspendThread: Access is denied. (0x5)
[0325/100800.738:ERROR:process_reader_win.cc(151)] SuspendThread: Access is denied. (0x5)
[0325/100800.738:ERROR:process_reader_win.cc(151)] SuspendThread: Access is denied. (0x5)
[0325/100800.738:ERROR:process_reader_win.cc(123)] NtOpenThread: {Access Denied} A process has requested access to an object, but has not been granted those access rights. (0xc0000022)
[0325/100800.739:ERROR:exception_snapshot_win.cc(88)] thread ID 19404 not found in process
[0325/100800.739:WARNING:crash_report_exception_handler.cc(62)] ProcessSnapshotWin::Initialize failed
[0328/225439.403:ERROR:process_reader_win.cc(151)] SuspendThread: Access is denied. (0x5)
[0328/225439.406:ERROR:process_reader_win.cc(151)] SuspendThread: Access is denied. (0x5)
[0328/225439.407:ERROR:process_reader_win.cc(123)] NtOpenThread: {Access Denied} A process has requested access to an object, but has not been granted those access rights. (0xc0000022)
[0328/225439.409:ERROR:exception_snapshot_win.cc(88)] thread ID 10932 not found in process
[0328/225439.409:WARNING:crash_report_exception_handler.cc(62)] ProcessSnapshotWin::Initialize failed
[0328/225439.736:ERROR:process_reader_win.cc(151)] SuspendThread: Access is denied. (0x5)
[0328/225439.738:ERROR:process_reader_win.cc(151)] SuspendThread: Access is denied. (0x5)
[0328/225439.738:ERROR:process_reader_win.cc(123)] NtOpenThread: {Access Denied} A process has requested access to an object, but has not been granted those access rights. (0xc0000022)
[0328/225439.739:ERROR:exception_snapshot_win.cc(88)] thread ID 4552 not found in process
[0328/225439.739:WARNING:crash_report_exception_handler.cc(62)] ProcessSnapshotWin::Initialize failed
[0328/225440.075:ERROR:process_reader_win.cc(151)] SuspendThread: Access is denied. (0x5)
[0328/225440.078:ERROR:process_reader_win.cc(123)] NtOpenThread: {Access Denied} A process has requested access to an object, but has not been granted those access rights. (0xc0000022)
[0328/225440.078:ERROR:exception_snapshot_win.cc(88)] thread ID 15768 not found in process
[0328/225440.078:WARNING:crash_report_exception_handler.cc(62)] ProcessSnapshotWin::Initialize failed
[0328/225440.502:ERROR:process_reader_win.cc(151)] SuspendThread: Access is denied. (0x5)
[0328/225440.509:ERROR:process_reader_win.cc(151)] SuspendThread: Access is denied. (0x5)
[0328/225440.509:ERROR:process_reader_win.cc(151)] SuspendThread: Access is denied. (0x5)
[0328/225440.509:ERROR:process_reader_win.cc(151)] SuspendThread: Access is denied. (0x5)
[0328/225440.509:ERROR:process_reader_win.cc(123)] NtOpenThread: {Access Denied} A process has requested access to an object, but has not been granted those access rights. (0xc0000022)
[0328/225440.509:ERROR:exception_snapshot_win.cc(88)] thread ID 14608 not found in process
[0328/225440.509:WARNING:crash_report_exception_handler.cc(62)] ProcessSnapshotWin::Initialize failed
[0328/225440.901:ERROR:process_reader_win.cc(151)] SuspendThread: Access is denied. (0x5)
[0328/225440.903:ERROR:process_reader_win.cc(123)] NtOpenThread: {Access Denied} A process has requested access to an object, but has not been granted those access rights. (0xc0000022)
[0328/225440.903:ERROR:exception_snapshot_win.cc(88)] thread ID 3816 not found in process
[0328/225440.903:WARNING:crash_report_exception_handler.cc(62)] ProcessSnapshotWin::Initialize failed
[0328/225441.249:ERROR:process_reader_win.cc(123)] NtOpenThread: {Access Denied} A process has requested access to an object, but has not been granted those access rights. (0xc0000022)
[0328/225441.251:ERROR:exception_snapshot_win.cc(88)] thread ID 8652 not found in process
[0328/225441.251:WARNING:crash_report_exception_handler.cc(62)] ProcessSnapshotWin::Initialize failed
[0403/194021.082:ERROR:process_reader_win.cc(123)] NtOpenThread: {Access Denied} A process has requested access to an object, but has not been granted those access rights. (0xc0000022)
[0403/194021.085:ERROR:exception_snapshot_win.cc(88)] thread ID 13856 not found in process
[0403/194021.085:WARNING:crash_report_exception_handler.cc(62)] ProcessSnapshotWin::Initialize failed
[0403/194021.678:ERROR:process_reader_win.cc(123)] NtOpenThread: {Access Denied} A process has requested access to an object, but has not been granted those access rights. (0xc0000022)
[0403/194021.679:ERROR:exception_snapshot_win.cc(88)] thread ID 9620 not found in process
[0403/194021.679:WARNING:crash_report_exception_handler.cc(62)] ProcessSnapshotWin::Initialize failed
[0403/194022.789:ERROR:process_reader_win.cc(151)] SuspendThread: Access is denied. (0x5)
[0403/194022.790:ERROR:process_reader_win.cc(151)] SuspendThread: Access is denied. (0x5)
[0403/194022.790:ERROR:process_reader_win.cc(151)] SuspendThread: Access is denied. (0x5)
[0403/194022.790:ERROR:process_reader_win.cc(151)] SuspendThread: Access is denied. (0x5)
[0403/194022.790:ERROR:process_reader_win.cc(151)] SuspendThread: Access is denied. (0x5)
[0403/194022.790:ERROR:process_reader_win.cc(151)] SuspendThread: Access is denied. (0x5)
[0403/194022.790:ERROR:process_reader_win.cc(123)] NtOpenThread: {Access Denied} A process has requested access to an object, but has not been granted those access rights. (0xc0000022)
[0403/194022.794:ERROR:exception_snapshot_win.cc(88)] thread ID 14184 not found in process
[0403/194022.796:WARNING:crash_report_exception_handler.cc(62)] ProcessSnapshotWin::Initialize failed
[0417/112739.149:ERROR:process_reader_win.cc(151)] SuspendThread: Access is denied. (0x5)
[0417/112739.823:ERROR:process_reader_win.cc(151)] SuspendThread: Access is denied. (0x5)
[0417/112739.823:ERROR:process_reader_win.cc(151)] SuspendThread: Access is denied. (0x5)
[0417/112739.823:ERROR:process_reader_win.cc(123)] NtOpenThread: {Access Denied} A process has requested access to an object, but has not been granted those access rights. (0xc0000022)
[0417/112739.827:ERROR:exception_snapshot_win.cc(88)] thread ID 12872 not found in process
[0417/112739.827:WARNING:crash_report_exception_handler.cc(62)] ProcessSnapshotWin::Initialize failed
[0417/112740.659:ERROR:process_reader_win.cc(151)] SuspendThread: Access is denied. (0x5)
[0417/112740.663:ERROR:process_reader_win.cc(151)] SuspendThread: Access is denied. (0x5)
[0417/112740.663:ERROR:process_reader_win.cc(151)] SuspendThread: Access is denied. (0x5)
[0417/112740.663:ERROR:process_reader_win.cc(151)] SuspendThread: Access is denied. (0x5)
[0417/112740.663:ERROR:process_reader_win.cc(123)] NtOpenThread: {Access Denied} A process has requested access to an object, but has not been granted those access rights. (0xc0000022)
[0417/112740.663:ERROR:exception_snapshot_win.cc(88)] thread ID 3840 not found in process
[0417/112740.663:WARNING:crash_report_exception_handler.cc(62)] ProcessSnapshotWin::Initialize failed
[0417/112741.436:ERROR:process_reader_win.cc(151)] SuspendThread: Access is denied. (0x5)
[0417/112741.438:ERROR:process_reader_win.cc(151)] SuspendThread: Access is denied. (0x5)
[0417/112741.438:ERROR:process_reader_win.cc(151)] SuspendThread: Access is denied. (0x5)
[0417/112741.439:ERROR:process_reader_win.cc(151)] SuspendThread: Access is denied. (0x5)
[0417/112741.439:ERROR:process_reader_win.cc(123)] NtOpenThread: {Access Denied} A process has requested access to an object, but has not been granted those access rights. (0xc0000022)
[0417/112741.439:ERROR:exception_snapshot_win.cc(88)] thread ID 7672 not found in process
[0417/112741.439:WARNING:crash_report_exception_handler.cc(62)] ProcessSnapshotWin::Initialize failed
[0417/112741.994:ERROR:process_reader_win.cc(151)] SuspendThread: Access is denied. (0x5)
[0417/112742.001:ERROR:process_reader_win.cc(151)] SuspendThread: Access is denied. (0x5)
[0417/112742.001:ERROR:process_reader_win.cc(151)] SuspendThread: Access is denied. (0x5)
[0417/112742.001:ERROR:process_reader_win.cc(151)] SuspendThread: Access is denied. (0x5)
[0417/112742.001:ERROR:process_reader_win.cc(151)] SuspendThread: Access is denied. (0x5)
[0417/112742.001:ERROR:process_reader_win.cc(123)] NtOpenThread: {Access Denied} A process has requested access to an object, but has not been granted those access rights. (0xc0000022)
[0417/112742.001:ERROR:exception_snapshot_win.cc(88)] thread ID 11576 not found in process
[0417/112742.002:WARNING:crash_report_exception_handler.cc(62)] ProcessSnapshotWin::Initialize failed
[0417/112742.852:ERROR:process_reader_win.cc(151)] SuspendThread: Access is denied. (0x5)
[0417/112742.854:ERROR:process_reader_win.cc(151)] SuspendThread: Access is denied. (0x5)
[0417/112742.854:ERROR:process_reader_win.cc(151)] SuspendThread: Access is denied. (0x5)
[0417/112742.854:ERROR:process_reader_win.cc(151)] SuspendThread: Access is denied. (0x5)
[0417/112742.854:ERROR:process_reader_win.cc(151)] SuspendThread: Access is denied. (0x5)
[0417/112742.854:ERROR:process_reader_win.cc(123)] NtOpenThread: {Access Denied} A process has requested access to an object, but has not been granted those access rights. (0xc0000022)
[0417/112742.855:ERROR:exception_snapshot_win.cc(88)] thread ID 9836 not found in process
[0417/112742.855:WARNING:crash_report_exception_handler.cc(62)] ProcessSnapshotWin::Initialize failed
[0620/093744.538:ERROR:process_reader_win.cc(123)] NtOpenThread: {Access Denied} A process has requested access to an object, but has not been granted those access rights. (0xc0000022)
[0620/093744.541:ERROR:exception_snapshot_win.cc(88)] thread ID 7580 not found in process
[0717/233207.947:ERROR:process_reader_win.cc(123)] NtOpenThread: {Access Denied} A process has requested access to an object, but has not been granted those access rights. (0xc0000022)
[0717/233207.952:ERROR:exception_snapshot_win.cc(88)] thread ID 11148 not found in process
